-------------------------------------------------------------------------------
Test set: com.fullteaching.e2e.no_elastest.chrome.teacher.ChromeCourseTeacherTest
-------------------------------------------------------------------------------
Tests run: 1, Failures: 0, Errors: 1, Skipped: 0, Time elapsed: 37.678 sec <<< FAILURE! - in com.fullteaching.e2e.no_elastest.chrome.teacher.ChromeCourseTeacherTest
teacherCourseMainTest[0](com.fullteaching.e2e.no_elastest.chrome.teacher.ChromeCourseTeacherTest)  Time elapsed: 35.666 sec  <<< ERROR!
org.openqa.selenium.TimeoutException: Expected condition failed: waiting for visibility of element located by By.xpath: /html/body/app/div/main/app-dashboard/div/div[2]/div/div[1]/ul/li[1]/div/div[2] (tried for 10 second(s) with 500 MILLISECONDS interval)
Caused by: org.openqa.selenium.NoSuchElementException: 
Cannot locate an element using By.xpath: /html/body/app/div/main/app-dashboard/div/div[2]/div/div[1]/ul/li[1]/div/div[2]
For documentation on this error, please visit: http://seleniumhq.org/exceptions/no_such_element.html
Build info: version: '3.6.0', revision: '6fbf3ec767', time: '2017-09-27T15:28:36.4Z'
System info: host: 'ubuntu', ip: '127.0.1.1', os.name: 'Linux', os.arch: 'amd64', os.version: '4.4.0-98-generic', java.version: '1.8.0_131'
Driver info: driver.version: unknown

